<?xml version="1.0" encoding="UTF-8"?>
<!-- Generated by org.testng.reporters.JUnitReportReporter -->
<testsuite hostname="vijays-Air" failures="0" tests="3" name="unibet.test.SearchTest" time="4.654" errors="0" timestamp="2023-09-18T22:45:24 CEST" skipped="0">
  <testcase classname="unibet.test.SearchTest" name="testUnhappyFlowWithNoResultsFound" time="2.031"/>
  <testcase classname="unibet.test.SearchTest" name="testSearchWithSpecialCharacters" time="1.282"/>
  <testcase classname="unibet.test.SearchTest" name="testHappyFlowWithMatchingString" time="1.341"/>
</testsuite> <!-- unibet.test.SearchTest -->
